<?xml version="1.0" encoding="UTF-8"?>
<testsuite name="graphTest" tests="1" skipped="0" failures="0" errors="0" timestamp="2024-01-23T16:57:49" hostname="DESKTOP-SQ2LA37" time="0.425">
  <properties/>
  <testcase name="Correct number of course items generated" classname="graphTest" time="0.425"/>
  <system-out><![CDATA[[]]></system-out>
  <system-err><![CDATA[]]></system-err>
</testsuite>
